
> vibe-generated-app@1.0.0 dev
> vite

error when starting dev server:
Error: Port 3000 is already in use
    at Server.onError (file:///home/workspace/n3:40:04 PM [vite] Internal server error: Transform failed with 1 error:
/home/workspace/src/components/Footer.jsx:51:3: ERROR: Expected identifier but found "/"
  Plugin: vite:esbuild
  File: /home/workspace/src/components/Footer.jsx:51:3
  
  Expected identifier but found "/"
  49 |    );
  50 |  }
  51 |    </div>
     |     ^
  52 |          </div>
  53 |          <div className="mt-10 flex flex-col sm:flex-row items-center justify-between gap-4 text-sm text-gray-600">
  
      at failureErrorWithLog (/home/workspace/node_modules/esbuild/lib/main.js:1472:15)
      at /home/workspace/node_modules/esbuild/lib/main.js:755:50
      at responseCallbacks.<computed> (/home/workspace/node_modules/esbuild/lib/main.js:622:9)
      at handleIncomingPacket (/home/workspace/node_modules/esbuild/lib/main.js:677:12)
      at Socket.readFromStdout (/home/workspace/node_modules/esbuild/lib/main.js:600:7)
      at Socket.emit (node:events:508:28)
      at addChunk (node:internal/streams/readable:559:12)
      at readableAddChunkPushByteMode (node:internal/streams/readable:510:3)
      at Readable.push (node:internal/streams/readable:390:5)
      at Pipe.onStreamRead (node:internal/stream_base_commons:189:23)
3:40:04 PM [vite] Pre-transform error: Transform failed with 1 error:
/home/workspace/src/components/Footer.jsx:51:3: ERROR: Expected identifier but found "/"
3:40:06 PM [vite] Internal server error: Transform failed with 1 error:
/home/workspace/src/components/Footer.jsx:51:3: ERROR: Expected identifier but found "/"
  Plugin: vite:esbuild
  File: /home/workspace/src/components/Footer.jsx:51:3
  
  Expected identifier but found "/"
  49 |    );
  50 |  }
  51 |    </div>
     |     ^
  52 |          </div>
  53 |          <div className="mt-10 flex flex-col sm:flex-row items-center justify-between gap-4 text-sm text-gray-600">
  
      at failureErrorWithLog (/home/workspace/node_modules/esbuild/lib/main.js:1472:15)
      at /home/workspace/node_modules/esbuild/lib/main.js:755:50
      at responseCallbacks.<computed> (/home/workspace/node_modules/esbuild/lib/main.js:622:9)
      at handleIncomingPacket (/home/workspace/node_modules/esbuild/lib/main.js:677:12)
      at Socket.readFromStdout (/home/workspace/node_modules/esbuild/lib/main.js:600:7)
      at Socket.emit (node:events:508:28)
      at addChunk (node:internal/streams/readable:559:12)
      at readableAddChunkPushByteMode (node:internal/streams/readable:510:3)
      at Readable.push (node:internal/streams/readable:390:5)
      at Pipe.onStreamRead (node:internal/stream_base_commons:189:23)
